2018.07.13 09:47:46,987	INFO	1	com.l2jmobius.commons.database.DatabaseFactory	Database: Initialized.
2018.07.13 09:47:47,011	INFO	1	com.l2jmobius.loginserver.LoginController	Loading LoginController...
2018.07.13 09:47:47,591	INFO	1	com.l2jmobius.loginserver.LoginController	Cached 10 KeyPairs for RSA communication.
2018.07.13 09:47:47,674	INFO	1	com.l2jmobius.loginserver.GameServerTable	Loaded 127 server names.
2018.07.13 09:47:49,676	WARNING	1	com.l2jmobius.commons.database.DatabaseFactory	DatabaseFactory: Unable to get a connection: Communications link failure

The last packet sent successfully to the server was 0 milliseconds ago. The driver has not received any packets from the server.
2018.07.13 09:47:51,680	WARNING	1	com.l2jmobius.commons.database.DatabaseFactory	DatabaseFactory: Unable to get a connection: Communications link failure

The last packet sent successfully to the server was 0 milliseconds ago. The driver has not received any packets from the server.
2018.07.13 09:47:53,685	WARNING	1	com.l2jmobius.commons.database.DatabaseFactory	DatabaseFactory: Unable to get a connection: Communications link failure

The last packet sent successfully to the server was 0 milliseconds ago. The driver has not received any packets from the server.
2018.07.13 09:47:55,685	WARNING	1	com.l2jmobius.commons.database.DatabaseFactory	DatabaseFactory: Unable to get a connection: Communications link failure

The last packet sent successfully to the server was 0 milliseconds ago. The driver has not received any packets from the server.
2018.07.13 09:47:57,689	WARNING	1	com.l2jmobius.commons.database.DatabaseFactory	DatabaseFactory: Unable to get a connection: Communications link failure

The last packet sent successfully to the server was 0 milliseconds ago. The driver has not received any packets from the server.
2018.07.13 09:47:59,692	WARNING	1	com.l2jmobius.commons.database.DatabaseFactory	DatabaseFactory: Unable to get a connection: Communications link failure

The last packet sent successfully to the server was 0 milliseconds ago. The driver has not received any packets from the server.
2018.07.13 09:48:01,695	WARNING	1	com.l2jmobius.commons.database.DatabaseFactory	DatabaseFactory: Unable to get a connection: Communications link failure

The last packet sent successfully to the server was 0 milliseconds ago. The driver has not received any packets from the server.
2018.07.13 09:48:03,697	WARNING	1	com.l2jmobius.commons.database.DatabaseFactory	DatabaseFactory: Unable to get a connection: Communications link failure

The last packet sent successfully to the server was 0 milliseconds ago. The driver has not received any packets from the server.
2018.07.13 09:48:05,700	WARNING	1	com.l2jmobius.commons.database.DatabaseFactory	DatabaseFactory: Unable to get a connection: Communications link failure

The last packet sent successfully to the server was 0 milliseconds ago. The driver has not received any packets from the server.
2018.07.13 09:48:07,706	WARNING	1	com.l2jmobius.commons.database.DatabaseFactory	DatabaseFactory: Unable to get a connection: Communications link failure

The last packet sent successfully to the server was 0 milliseconds ago. The driver has not received any packets from the server.
2018.07.13 09:48:09,710	WARNING	1	com.l2jmobius.commons.database.DatabaseFactory	DatabaseFactory: Unable to get a connection: Communications link failure

The last packet sent successfully to the server was 0 milliseconds ago. The driver has not received any packets from the server.
2018.07.13 09:48:11,715	WARNING	1	com.l2jmobius.commons.database.DatabaseFactory	DatabaseFactory: Unable to get a connection: Communications link failure

The last packet sent successfully to the server was 0 milliseconds ago. The driver has not received any packets from the server.
2018.07.13 09:48:13,717	WARNING	1	com.l2jmobius.commons.database.DatabaseFactory	DatabaseFactory: Unable to get a connection: Communications link failure

The last packet sent successfully to the server was 0 milliseconds ago. The driver has not received any packets from the server.
2018.07.13 09:48:15,721	WARNING	1	com.l2jmobius.commons.database.DatabaseFactory	DatabaseFactory: Unable to get a connection: Communications link failure

The last packet sent successfully to the server was 0 milliseconds ago. The driver has not received any packets from the server.
2018.07.13 09:48:17,726	WARNING	1	com.l2jmobius.commons.database.DatabaseFactory	DatabaseFactory: Unable to get a connection: Communications link failure

The last packet sent successfully to the server was 0 milliseconds ago. The driver has not received any packets from the server.
2018.07.13 09:48:19,730	WARNING	1	com.l2jmobius.commons.database.DatabaseFactory	DatabaseFactory: Unable to get a connection: Communications link failure

The last packet sent successfully to the server was 0 milliseconds ago. The driver has not received any packets from the server.
2018.07.13 09:48:21,736	WARNING	1	com.l2jmobius.commons.database.DatabaseFactory	DatabaseFactory: Unable to get a connection: Communications link failure

The last packet sent successfully to the server was 0 milliseconds ago. The driver has not received any packets from the server.
2018.07.13 09:48:23,738	WARNING	1	com.l2jmobius.commons.database.DatabaseFactory	DatabaseFactory: Unable to get a connection: Communications link failure

The last packet sent successfully to the server was 0 milliseconds ago. The driver has not received any packets from the server.
2018.07.13 09:48:25,741	WARNING	1	com.l2jmobius.commons.database.DatabaseFactory	DatabaseFactory: Unable to get a connection: Communications link failure

The last packet sent successfully to the server was 0 milliseconds ago. The driver has not received any packets from the server.
2018.07.13 09:48:27,745	WARNING	1	com.l2jmobius.commons.database.DatabaseFactory	DatabaseFactory: Unable to get a connection: Communications link failure

The last packet sent successfully to the server was 0 milliseconds ago. The driver has not received any packets from the server.
2018.07.13 09:48:29,750	WARNING	1	com.l2jmobius.commons.database.DatabaseFactory	DatabaseFactory: Unable to get a connection: Communications link failure

The last packet sent successfully to the server was 0 milliseconds ago. The driver has not received any packets from the server.
2018.07.13 09:48:31,753	WARNING	1	com.l2jmobius.commons.database.DatabaseFactory	DatabaseFactory: Unable to get a connection: Communications link failure

The last packet sent successfully to the server was 0 milliseconds ago. The driver has not received any packets from the server.
2018.07.13 09:48:33,757	WARNING	1	com.l2jmobius.commons.database.DatabaseFactory	DatabaseFactory: Unable to get a connection: Communications link failure

The last packet sent successfully to the server was 0 milliseconds ago. The driver has not received any packets from the server.
2018.07.13 09:48:35,762	WARNING	1	com.l2jmobius.commons.database.DatabaseFactory	DatabaseFactory: Unable to get a connection: Communications link failure

The last packet sent successfully to the server was 0 milliseconds ago. The driver has not received any packets from the server.
2018.07.13 09:48:37,766	WARNING	1	com.l2jmobius.commons.database.DatabaseFactory	DatabaseFactory: Unable to get a connection: Communications link failure

The last packet sent successfully to the server was 0 milliseconds ago. The driver has not received any packets from the server.
2018.07.13 09:48:39,773	WARNING	1	com.l2jmobius.commons.database.DatabaseFactory	DatabaseFactory: Unable to get a connection: Communications link failure

The last packet sent successfully to the server was 0 milliseconds ago. The driver has not received any packets from the server.
2018.07.13 09:48:41,777	WARNING	1	com.l2jmobius.commons.database.DatabaseFactory	DatabaseFactory: Unable to get a connection: Communications link failure

The last packet sent successfully to the server was 0 milliseconds ago. The driver has not received any packets from the server.
2018.07.13 09:48:43,781	WARNING	1	com.l2jmobius.commons.database.DatabaseFactory	DatabaseFactory: Unable to get a connection: Communications link failure

The last packet sent successfully to the server was 0 milliseconds ago. The driver has not received any packets from the server.
2018.07.13 09:48:45,784	WARNING	1	com.l2jmobius.commons.database.DatabaseFactory	DatabaseFactory: Unable to get a connection: Communications link failure

The last packet sent successfully to the server was 0 milliseconds ago. The driver has not received any packets from the server.
2018.07.13 09:48:47,789	WARNING	1	com.l2jmobius.commons.database.DatabaseFactory	DatabaseFactory: Unable to get a connection: Communications link failure

The last packet sent successfully to the server was 0 milliseconds ago. The driver has not received any packets from the server.
2018.07.13 09:48:49,795	WARNING	1	com.l2jmobius.commons.database.DatabaseFactory	DatabaseFactory: Unable to get a connection: Communications link failure

The last packet sent successfully to the server was 0 milliseconds ago. The driver has not received any packets from the server.
2018.07.13 09:48:51,798	WARNING	1	com.l2jmobius.commons.database.DatabaseFactory	DatabaseFactory: Unable to get a connection: Communications link failure

The last packet sent successfully to the server was 0 milliseconds ago. The driver has not received any packets from the server.
2018.07.13 09:48:53,800	WARNING	1	com.l2jmobius.commons.database.DatabaseFactory	DatabaseFactory: Unable to get a connection: Communications link failure

The last packet sent successfully to the server was 0 milliseconds ago. The driver has not received any packets from the server.
2018.07.13 09:48:55,809	WARNING	1	com.l2jmobius.commons.database.DatabaseFactory	DatabaseFactory: Unable to get a connection: Communications link failure

The last packet sent successfully to the server was 0 milliseconds ago. The driver has not received any packets from the server.
2018.07.13 09:48:57,814	WARNING	1	com.l2jmobius.commons.database.DatabaseFactory	DatabaseFactory: Unable to get a connection: Communications link failure

The last packet sent successfully to the server was 0 milliseconds ago. The driver has not received any packets from the server.
2018.07.13 09:48:59,817	WARNING	1	com.l2jmobius.commons.database.DatabaseFactory	DatabaseFactory: Unable to get a connection: Communications link failure

The last packet sent successfully to the server was 0 milliseconds ago. The driver has not received any packets from the server.
2018.07.13 09:49:01,821	WARNING	1	com.l2jmobius.commons.database.DatabaseFactory	DatabaseFactory: Unable to get a connection: Communications link failure

The last packet sent successfully to the server was 0 milliseconds ago. The driver has not received any packets from the server.
2018.07.13 09:49:03,824	WARNING	1	com.l2jmobius.commons.database.DatabaseFactory	DatabaseFactory: Unable to get a connection: Communications link failure

The last packet sent successfully to the server was 0 milliseconds ago. The driver has not received any packets from the server.
2018.07.13 09:49:05,827	WARNING	1	com.l2jmobius.commons.database.DatabaseFactory	DatabaseFactory: Unable to get a connection: Communications link failure

The last packet sent successfully to the server was 0 milliseconds ago. The driver has not received any packets from the server.
2018.07.13 09:49:07,835	WARNING	1	com.l2jmobius.commons.database.DatabaseFactory	DatabaseFactory: Unable to get a connection: Communications link failure

The last packet sent successfully to the server was 0 milliseconds ago. The driver has not received any packets from the server.
2018.07.13 09:49:09,840	WARNING	1	com.l2jmobius.commons.database.DatabaseFactory	DatabaseFactory: Unable to get a connection: Communications link failure

The last packet sent successfully to the server was 0 milliseconds ago. The driver has not received any packets from the server.
2018.07.13 09:49:11,845	WARNING	1	com.l2jmobius.commons.database.DatabaseFactory	DatabaseFactory: Unable to get a connection: Communications link failure

The last packet sent successfully to the server was 0 milliseconds ago. The driver has not received any packets from the server.
2018.07.13 09:49:13,851	WARNING	1	com.l2jmobius.commons.database.DatabaseFactory	DatabaseFactory: Unable to get a connection: Communications link failure

The last packet sent successfully to the server was 0 milliseconds ago. The driver has not received any packets from the server.
2018.07.13 09:49:15,858	WARNING	1	com.l2jmobius.commons.database.DatabaseFactory	DatabaseFactory: Unable to get a connection: Communications link failure

The last packet sent successfully to the server was 0 milliseconds ago. The driver has not received any packets from the server.
2018.07.13 09:49:17,859	WARNING	1	com.l2jmobius.commons.database.DatabaseFactory	DatabaseFactory: Unable to get a connection: Communications link failure

The last packet sent successfully to the server was 0 milliseconds ago. The driver has not received any packets from the server.
2018.07.13 09:49:19,863	WARNING	1	com.l2jmobius.commons.database.DatabaseFactory	DatabaseFactory: Unable to get a connection: Communications link failure

The last packet sent successfully to the server was 0 milliseconds ago. The driver has not received any packets from the server.
2018.07.13 09:49:21,869	WARNING	1	com.l2jmobius.commons.database.DatabaseFactory	DatabaseFactory: Unable to get a connection: Communications link failure

The last packet sent successfully to the server was 0 milliseconds ago. The driver has not received any packets from the server.
2018.07.13 09:49:23,874	WARNING	1	com.l2jmobius.commons.database.DatabaseFactory	DatabaseFactory: Unable to get a connection: Communications link failure

The last packet sent successfully to the server was 0 milliseconds ago. The driver has not received any packets from the server.
2018.07.13 09:49:25,878	WARNING	1	com.l2jmobius.commons.database.DatabaseFactory	DatabaseFactory: Unable to get a connection: Communications link failure

The last packet sent successfully to the server was 0 milliseconds ago. The driver has not received any packets from the server.
2018.07.13 09:49:27,882	WARNING	1	com.l2jmobius.commons.database.DatabaseFactory	DatabaseFactory: Unable to get a connection: Communications link failure

The last packet sent successfully to the server was 0 milliseconds ago. The driver has not received any packets from the server.
2018.07.13 09:49:29,887	WARNING	1	com.l2jmobius.commons.database.DatabaseFactory	DatabaseFactory: Unable to get a connection: Communications link failure

The last packet sent successfully to the server was 0 milliseconds ago. The driver has not received any packets from the server.
2018.07.13 09:49:31,893	WARNING	1	com.l2jmobius.commons.database.DatabaseFactory	DatabaseFactory: Unable to get a connection: Communications link failure

The last packet sent successfully to the server was 0 milliseconds ago. The driver has not received any packets from the server.
2018.07.13 09:49:33,896	WARNING	1	com.l2jmobius.commons.database.DatabaseFactory	DatabaseFactory: Unable to get a connection: Communications link failure

The last packet sent successfully to the server was 0 milliseconds ago. The driver has not received any packets from the server.
2018.07.13 09:49:35,904	WARNING	1	com.l2jmobius.commons.database.DatabaseFactory	DatabaseFactory: Unable to get a connection: Communications link failure

The last packet sent successfully to the server was 0 milliseconds ago. The driver has not received any packets from the server.
2018.07.13 09:49:37,908	WARNING	1	com.l2jmobius.commons.database.DatabaseFactory	DatabaseFactory: Unable to get a connection: Communications link failure

The last packet sent successfully to the server was 0 milliseconds ago. The driver has not received any packets from the server.
2018.07.13 09:49:39,912	WARNING	1	com.l2jmobius.commons.database.DatabaseFactory	DatabaseFactory: Unable to get a connection: Communications link failure

The last packet sent successfully to the server was 0 milliseconds ago. The driver has not received any packets from the server.
2018.07.13 09:49:41,914	WARNING	1	com.l2jmobius.commons.database.DatabaseFactory	DatabaseFactory: Unable to get a connection: Communications link failure

The last packet sent successfully to the server was 0 milliseconds ago. The driver has not received any packets from the server.
2018.07.13 09:49:43,918	WARNING	1	com.l2jmobius.commons.database.DatabaseFactory	DatabaseFactory: Unable to get a connection: Communications link failure

The last packet sent successfully to the server was 0 milliseconds ago. The driver has not received any packets from the server.
2018.07.13 09:49:45,920	WARNING	1	com.l2jmobius.commons.database.DatabaseFactory	DatabaseFactory: Unable to get a connection: Communications link failure

The last packet sent successfully to the server was 0 milliseconds ago. The driver has not received any packets from the server.
2018.07.13 09:49:47,925	WARNING	1	com.l2jmobius.commons.database.DatabaseFactory	DatabaseFactory: Unable to get a connection: Communications link failure

The last packet sent successfully to the server was 0 milliseconds ago. The driver has not received any packets from the server.
2018.07.13 09:49:49,930	WARNING	1	com.l2jmobius.commons.database.DatabaseFactory	DatabaseFactory: Unable to get a connection: Communications link failure

The last packet sent successfully to the server was 0 milliseconds ago. The driver has not received any packets from the server.
2018.07.13 09:49:51,935	WARNING	1	com.l2jmobius.commons.database.DatabaseFactory	DatabaseFactory: Unable to get a connection: Communications link failure

The last packet sent successfully to the server was 0 milliseconds ago. The driver has not received any packets from the server.
2018.07.13 09:49:53,938	WARNING	1	com.l2jmobius.commons.database.DatabaseFactory	DatabaseFactory: Unable to get a connection: Communications link failure

The last packet sent successfully to the server was 0 milliseconds ago. The driver has not received any packets from the server.
2018.07.13 09:49:55,942	WARNING	1	com.l2jmobius.commons.database.DatabaseFactory	DatabaseFactory: Unable to get a connection: Communications link failure

The last packet sent successfully to the server was 0 milliseconds ago. The driver has not received any packets from the server.
2018.07.13 09:49:57,944	WARNING	1	com.l2jmobius.commons.database.DatabaseFactory	DatabaseFactory: Unable to get a connection: Communications link failure

The last packet sent successfully to the server was 0 milliseconds ago. The driver has not received any packets from the server.
2018.07.13 09:49:59,947	WARNING	1	com.l2jmobius.commons.database.DatabaseFactory	DatabaseFactory: Unable to get a connection: Communications link failure

The last packet sent successfully to the server was 0 milliseconds ago. The driver has not received any packets from the server.
2018.07.13 09:50:01,951	WARNING	1	com.l2jmobius.commons.database.DatabaseFactory	DatabaseFactory: Unable to get a connection: Communications link failure

The last packet sent successfully to the server was 0 milliseconds ago. The driver has not received any packets from the server.
2018.07.13 09:50:03,956	WARNING	1	com.l2jmobius.commons.database.DatabaseFactory	DatabaseFactory: Unable to get a connection: Communications link failure

The last packet sent successfully to the server was 0 milliseconds ago. The driver has not received any packets from the server.
2018.07.13 09:50:05,961	WARNING	1	com.l2jmobius.commons.database.DatabaseFactory	DatabaseFactory: Unable to get a connection: Communications link failure

The last packet sent successfully to the server was 0 milliseconds ago. The driver has not received any packets from the server.
2018.07.13 09:50:07,967	WARNING	1	com.l2jmobius.commons.database.DatabaseFactory	DatabaseFactory: Unable to get a connection: Communications link failure

The last packet sent successfully to the server was 0 milliseconds ago. The driver has not received any packets from the server.
2018.07.13 09:50:09,972	WARNING	1	com.l2jmobius.commons.database.DatabaseFactory	DatabaseFactory: Unable to get a connection: Communications link failure

The last packet sent successfully to the server was 0 milliseconds ago. The driver has not received any packets from the server.
2018.07.13 09:50:11,976	WARNING	1	com.l2jmobius.commons.database.DatabaseFactory	DatabaseFactory: Unable to get a connection: Communications link failure

The last packet sent successfully to the server was 0 milliseconds ago. The driver has not received any packets from the server.
2018.07.13 09:50:13,977	WARNING	1	com.l2jmobius.commons.database.DatabaseFactory	DatabaseFactory: Unable to get a connection: Communications link failure

The last packet sent successfully to the server was 0 milliseconds ago. The driver has not received any packets from the server.
2018.07.13 09:50:15,980	WARNING	1	com.l2jmobius.commons.database.DatabaseFactory	DatabaseFactory: Unable to get a connection: Communications link failure

The last packet sent successfully to the server was 0 milliseconds ago. The driver has not received any packets from the server.
2018.07.13 09:50:17,984	WARNING	1	com.l2jmobius.commons.database.DatabaseFactory	DatabaseFactory: Unable to get a connection: Communications link failure

The last packet sent successfully to the server was 0 milliseconds ago. The driver has not received any packets from the server.
2018.07.13 09:50:19,986	WARNING	1	com.l2jmobius.commons.database.DatabaseFactory	DatabaseFactory: Unable to get a connection: Communications link failure

The last packet sent successfully to the server was 0 milliseconds ago. The driver has not received any packets from the server.
2018.07.13 09:50:21,989	WARNING	1	com.l2jmobius.commons.database.DatabaseFactory	DatabaseFactory: Unable to get a connection: Communications link failure

The last packet sent successfully to the server was 0 milliseconds ago. The driver has not received any packets from the server.
2018.07.13 09:50:23,993	WARNING	1	com.l2jmobius.commons.database.DatabaseFactory	DatabaseFactory: Unable to get a connection: Communications link failure

The last packet sent successfully to the server was 0 milliseconds ago. The driver has not received any packets from the server.
2018.07.13 09:50:25,998	WARNING	1	com.l2jmobius.commons.database.DatabaseFactory	DatabaseFactory: Unable to get a connection: Communications link failure

The last packet sent successfully to the server was 0 milliseconds ago. The driver has not received any packets from the server.
2018.07.13 09:50:28,003	WARNING	1	com.l2jmobius.commons.database.DatabaseFactory	DatabaseFactory: Unable to get a connection: Communications link failure

The last packet sent successfully to the server was 0 milliseconds ago. The driver has not received any packets from the server.
2018.07.13 09:50:30,007	WARNING	1	com.l2jmobius.commons.database.DatabaseFactory	DatabaseFactory: Unable to get a connection: Communications link failure

The last packet sent successfully to the server was 0 milliseconds ago. The driver has not received any packets from the server.
