2018.07.13 09:52:47,945	INFO	1	com.l2jmobius.commons.database.DatabaseFactory	Database: Initialized.
2018.07.13 09:52:47,980	INFO	1	com.l2jmobius.loginserver.LoginController	Loading LoginController...
2018.07.13 09:52:48,584	INFO	1	com.l2jmobius.loginserver.LoginController	Cached 10 KeyPairs for RSA communication.
2018.07.13 09:52:48,664	INFO	1	com.l2jmobius.loginserver.GameServerTable	Loaded 127 server names.
2018.07.13 09:52:50,666	WARNING	1	com.l2jmobius.commons.database.DatabaseFactory	DatabaseFactory: Unable to get a connection: Communications link failure

The last packet sent successfully to the server was 0 milliseconds ago. The driver has not received any packets from the server.
2018.07.13 09:52:52,673	WARNING	1	com.l2jmobius.commons.database.DatabaseFactory	DatabaseFactory: Unable to get a connection: Communications link failure

The last packet sent successfully to the server was 0 milliseconds ago. The driver has not received any packets from the server.
2018.07.13 09:52:54,677	WARNING	1	com.l2jmobius.commons.database.DatabaseFactory	DatabaseFactory: Unable to get a connection: Communications link failure

The last packet sent successfully to the server was 0 milliseconds ago. The driver has not received any packets from the server.
2018.07.13 09:52:56,680	WARNING	1	com.l2jmobius.commons.database.DatabaseFactory	DatabaseFactory: Unable to get a connection: Communications link failure

The last packet sent successfully to the server was 0 milliseconds ago. The driver has not received any packets from the server.
2018.07.13 09:52:58,684	WARNING	1	com.l2jmobius.commons.database.DatabaseFactory	DatabaseFactory: Unable to get a connection: Communications link failure

The last packet sent successfully to the server was 0 milliseconds ago. The driver has not received any packets from the server.
2018.07.13 09:53:00,687	WARNING	1	com.l2jmobius.commons.database.DatabaseFactory	DatabaseFactory: Unable to get a connection: Communications link failure

The last packet sent successfully to the server was 0 milliseconds ago. The driver has not received any packets from the server.
2018.07.13 09:53:02,693	WARNING	1	com.l2jmobius.commons.database.DatabaseFactory	DatabaseFactory: Unable to get a connection: Communications link failure

The last packet sent successfully to the server was 0 milliseconds ago. The driver has not received any packets from the server.
2018.07.13 09:53:04,696	WARNING	1	com.l2jmobius.commons.database.DatabaseFactory	DatabaseFactory: Unable to get a connection: Communications link failure

The last packet sent successfully to the server was 0 milliseconds ago. The driver has not received any packets from the server.
2018.07.13 09:53:06,700	WARNING	1	com.l2jmobius.commons.database.DatabaseFactory	DatabaseFactory: Unable to get a connection: Communications link failure

The last packet sent successfully to the server was 0 milliseconds ago. The driver has not received any packets from the server.
2018.07.13 09:53:08,702	WARNING	1	com.l2jmobius.commons.database.DatabaseFactory	DatabaseFactory: Unable to get a connection: Communications link failure

The last packet sent successfully to the server was 0 milliseconds ago. The driver has not received any packets from the server.
2018.07.13 09:53:10,705	WARNING	1	com.l2jmobius.commons.database.DatabaseFactory	DatabaseFactory: Unable to get a connection: Communications link failure

The last packet sent successfully to the server was 0 milliseconds ago. The driver has not received any packets from the server.
2018.07.13 09:53:12,708	WARNING	1	com.l2jmobius.commons.database.DatabaseFactory	DatabaseFactory: Unable to get a connection: Communications link failure

The last packet sent successfully to the server was 0 milliseconds ago. The driver has not received any packets from the server.
2018.07.13 09:53:14,712	WARNING	1	com.l2jmobius.commons.database.DatabaseFactory	DatabaseFactory: Unable to get a connection: Communications link failure

The last packet sent successfully to the server was 0 milliseconds ago. The driver has not received any packets from the server.
2018.07.13 09:53:16,717	WARNING	1	com.l2jmobius.commons.database.DatabaseFactory	DatabaseFactory: Unable to get a connection: Communications link failure

The last packet sent successfully to the server was 0 milliseconds ago. The driver has not received any packets from the server.
2018.07.13 09:53:18,723	WARNING	1	com.l2jmobius.commons.database.DatabaseFactory	DatabaseFactory: Unable to get a connection: Communications link failure

The last packet sent successfully to the server was 0 milliseconds ago. The driver has not received any packets from the server.
2018.07.13 09:53:20,727	WARNING	1	com.l2jmobius.commons.database.DatabaseFactory	DatabaseFactory: Unable to get a connection: Communications link failure

The last packet sent successfully to the server was 0 milliseconds ago. The driver has not received any packets from the server.
2018.07.13 09:53:22,730	WARNING	1	com.l2jmobius.commons.database.DatabaseFactory	DatabaseFactory: Unable to get a connection: Communications link failure

The last packet sent successfully to the server was 0 milliseconds ago. The driver has not received any packets from the server.
2018.07.13 09:53:24,733	WARNING	1	com.l2jmobius.commons.database.DatabaseFactory	DatabaseFactory: Unable to get a connection: Communications link failure

The last packet sent successfully to the server was 0 milliseconds ago. The driver has not received any packets from the server.
2018.07.13 09:53:26,736	WARNING	1	com.l2jmobius.commons.database.DatabaseFactory	DatabaseFactory: Unable to get a connection: Communications link failure

The last packet sent successfully to the server was 0 milliseconds ago. The driver has not received any packets from the server.
2018.07.13 09:53:28,743	WARNING	1	com.l2jmobius.commons.database.DatabaseFactory	DatabaseFactory: Unable to get a connection: Communications link failure

The last packet sent successfully to the server was 0 milliseconds ago. The driver has not received any packets from the server.
2018.07.13 09:53:30,747	WARNING	1	com.l2jmobius.commons.database.DatabaseFactory	DatabaseFactory: Unable to get a connection: Communications link failure

The last packet sent successfully to the server was 0 milliseconds ago. The driver has not received any packets from the server.
2018.07.13 09:53:32,748	WARNING	1	com.l2jmobius.commons.database.DatabaseFactory	DatabaseFactory: Unable to get a connection: Communications link failure

The last packet sent successfully to the server was 0 milliseconds ago. The driver has not received any packets from the server.
2018.07.13 09:53:34,756	WARNING	1	com.l2jmobius.commons.database.DatabaseFactory	DatabaseFactory: Unable to get a connection: Communications link failure

The last packet sent successfully to the server was 0 milliseconds ago. The driver has not received any packets from the server.
2018.07.13 09:53:36,761	WARNING	1	com.l2jmobius.commons.database.DatabaseFactory	DatabaseFactory: Unable to get a connection: Communications link failure

The last packet sent successfully to the server was 0 milliseconds ago. The driver has not received any packets from the server.
2018.07.13 09:53:38,765	WARNING	1	com.l2jmobius.commons.database.DatabaseFactory	DatabaseFactory: Unable to get a connection: Communications link failure

The last packet sent successfully to the server was 0 milliseconds ago. The driver has not received any packets from the server.
2018.07.13 09:53:40,768	WARNING	1	com.l2jmobius.commons.database.DatabaseFactory	DatabaseFactory: Unable to get a connection: Communications link failure

The last packet sent successfully to the server was 0 milliseconds ago. The driver has not received any packets from the server.
2018.07.13 09:53:42,771	WARNING	1	com.l2jmobius.commons.database.DatabaseFactory	DatabaseFactory: Unable to get a connection: Communications link failure

The last packet sent successfully to the server was 0 milliseconds ago. The driver has not received any packets from the server.
2018.07.13 09:53:44,776	WARNING	1	com.l2jmobius.commons.database.DatabaseFactory	DatabaseFactory: Unable to get a connection: Communications link failure

The last packet sent successfully to the server was 0 milliseconds ago. The driver has not received any packets from the server.
2018.07.13 09:53:46,780	WARNING	1	com.l2jmobius.commons.database.DatabaseFactory	DatabaseFactory: Unable to get a connection: Communications link failure

The last packet sent successfully to the server was 0 milliseconds ago. The driver has not received any packets from the server.
2018.07.13 09:53:48,786	WARNING	1	com.l2jmobius.commons.database.DatabaseFactory	DatabaseFactory: Unable to get a connection: Communications link failure

The last packet sent successfully to the server was 0 milliseconds ago. The driver has not received any packets from the server.
2018.07.13 09:53:50,792	WARNING	1	com.l2jmobius.commons.database.DatabaseFactory	DatabaseFactory: Unable to get a connection: Communications link failure

The last packet sent successfully to the server was 0 milliseconds ago. The driver has not received any packets from the server.
2018.07.13 09:53:52,796	WARNING	1	com.l2jmobius.commons.database.DatabaseFactory	DatabaseFactory: Unable to get a connection: Communications link failure

The last packet sent successfully to the server was 0 milliseconds ago. The driver has not received any packets from the server.
2018.07.13 09:53:54,800	WARNING	1	com.l2jmobius.commons.database.DatabaseFactory	DatabaseFactory: Unable to get a connection: Communications link failure

The last packet sent successfully to the server was 0 milliseconds ago. The driver has not received any packets from the server.
2018.07.13 09:53:56,806	WARNING	1	com.l2jmobius.commons.database.DatabaseFactory	DatabaseFactory: Unable to get a connection: Communications link failure

The last packet sent successfully to the server was 0 milliseconds ago. The driver has not received any packets from the server.
2018.07.13 09:53:58,810	WARNING	1	com.l2jmobius.commons.database.DatabaseFactory	DatabaseFactory: Unable to get a connection: Communications link failure

The last packet sent successfully to the server was 0 milliseconds ago. The driver has not received any packets from the server.
2018.07.13 09:54:00,816	WARNING	1	com.l2jmobius.commons.database.DatabaseFactory	DatabaseFactory: Unable to get a connection: Communications link failure

The last packet sent successfully to the server was 0 milliseconds ago. The driver has not received any packets from the server.
2018.07.13 09:54:02,819	WARNING	1	com.l2jmobius.commons.database.DatabaseFactory	DatabaseFactory: Unable to get a connection: Communications link failure

The last packet sent successfully to the server was 0 milliseconds ago. The driver has not received any packets from the server.
2018.07.13 09:54:04,824	WARNING	1	com.l2jmobius.commons.database.DatabaseFactory	DatabaseFactory: Unable to get a connection: Communications link failure

The last packet sent successfully to the server was 0 milliseconds ago. The driver has not received any packets from the server.
2018.07.13 09:54:06,830	WARNING	1	com.l2jmobius.commons.database.DatabaseFactory	DatabaseFactory: Unable to get a connection: Communications link failure

The last packet sent successfully to the server was 0 milliseconds ago. The driver has not received any packets from the server.
2018.07.13 09:54:08,834	WARNING	1	com.l2jmobius.commons.database.DatabaseFactory	DatabaseFactory: Unable to get a connection: Communications link failure

The last packet sent successfully to the server was 0 milliseconds ago. The driver has not received any packets from the server.
2018.07.13 09:54:10,838	WARNING	1	com.l2jmobius.commons.database.DatabaseFactory	DatabaseFactory: Unable to get a connection: Communications link failure

The last packet sent successfully to the server was 0 milliseconds ago. The driver has not received any packets from the server.
2018.07.13 09:54:12,840	WARNING	1	com.l2jmobius.commons.database.DatabaseFactory	DatabaseFactory: Unable to get a connection: Communications link failure

The last packet sent successfully to the server was 0 milliseconds ago. The driver has not received any packets from the server.
2018.07.13 09:54:14,845	WARNING	1	com.l2jmobius.commons.database.DatabaseFactory	DatabaseFactory: Unable to get a connection: Communications link failure

The last packet sent successfully to the server was 0 milliseconds ago. The driver has not received any packets from the server.
2018.07.13 09:54:16,848	WARNING	1	com.l2jmobius.commons.database.DatabaseFactory	DatabaseFactory: Unable to get a connection: Communications link failure

The last packet sent successfully to the server was 0 milliseconds ago. The driver has not received any packets from the server.
2018.07.13 09:54:18,852	WARNING	1	com.l2jmobius.commons.database.DatabaseFactory	DatabaseFactory: Unable to get a connection: Communications link failure

The last packet sent successfully to the server was 0 milliseconds ago. The driver has not received any packets from the server.
2018.07.13 09:54:20,855	WARNING	1	com.l2jmobius.commons.database.DatabaseFactory	DatabaseFactory: Unable to get a connection: Communications link failure

The last packet sent successfully to the server was 0 milliseconds ago. The driver has not received any packets from the server.
